<?xml version="1.0" encoding="UTF-8"?>
<testng-results skipped="0" failed="0" ignored="0" total="1" passed="1">
  <reporter-output>
  </reporter-output>
  <suite name="Suite" duration-ms="11530" started-at="2021-08-20T18:13:36Z" finished-at="2021-08-20T18:13:48Z">
    <groups>
    </groups>
    <test name="Test" duration-ms="11530" started-at="2021-08-20T18:13:36Z" finished-at="2021-08-20T18:13:48Z">
      <class name="com.zohoCRM.tests.SignInTest">
        <test-method status="PASS" signature="setup()[pri:0, instance:com.zohoCRM.tests.SignInTest@6cc4c815]" name="setup" is-config="true" duration-ms="8122" started-at="2021-08-20T18:13:36Z" finished-at="2021-08-20T18:13:44Z">
          <reporter-output>
          </reporter-output>
        </test-method> <!-- setup -->
        <test-method status="PASS" signature="verify_SignIn()[pri:0, instance:com.zohoCRM.tests.SignInTest@6cc4c815]" name="verify_SignIn" duration-ms="2416" started-at="2021-08-20T18:13:44Z" finished-at="2021-08-20T18:13:47Z">
          <reporter-output>
          </reporter-output>
        </test-method> <!-- verify_SignIn -->
        <test-method status="PASS" signature="tearDown()[pri:0, instance:com.zohoCRM.tests.SignInTest@6cc4c815]" name="tearDown" is-config="true" duration-ms="944" started-at="2021-08-20T18:13:47Z" finished-at="2021-08-20T18:13:48Z">
          <reporter-output>
          </reporter-output>
        </test-method> <!-- tearDown -->
      </class> <!-- com.zohoCRM.tests.SignInTest -->
    </test> <!-- Test -->
  </suite> <!-- Suite -->
</testng-results>
